2025-01-08 01:30:08,928 - INFO - Starting the data fetching and insertion process...
2025-01-08 01:30:08,928 - INFO - Fetching live cryptocurrency data...
2025-01-08 01:30:09,121 - INFO - Successfully fetched cryptocurrency data.
2025-01-08 01:30:09,122 - INFO - Inserting data into QuestDB...
2025-01-08 01:30:11,187 - ERROR - Error while inserting data into QuestDB: ('Connection aborted.', RemoteDisconnected('Remote end closed connection without response'))
2025-01-08 01:30:11,187 - INFO - Waiting for 5 minutes before the next update...
2025-01-08 01:38:14,398 - INFO - Starting the data fetching and insertion process...
2025-01-08 01:38:14,398 - INFO - Fetching live cryptocurrency data...
2025-01-08 01:38:14,584 - INFO - Successfully fetched cryptocurrency data.
2025-01-08 01:38:14,584 - INFO - Inserting data into QuestDB...
2025-01-08 01:38:18,638 - ERROR - Error while inserting data into QuestDB: HTTPConnectionPool(host='localhost', port=9000): Max retries exceeded with url: /imp (Caused by NewConnectionError('<urllib3.connection.HTTPConnection object at 0x00000271BE293530>: Failed to establish a new connection: [WinError 10061] No connection could be made because the target machine actively refused it'))
2025-01-08 01:38:18,638 - INFO - Waiting for 5 minutes before the next update...
2025-01-08 01:43:18,640 - INFO - Starting the data fetching and insertion process...
2025-01-08 01:43:18,641 - INFO - Fetching live cryptocurrency data...
2025-01-08 01:43:18,808 - INFO - Successfully fetched cryptocurrency data.
2025-01-08 01:43:18,808 - INFO - Inserting data into QuestDB...
2025-01-08 01:43:20,858 - ERROR - Error while inserting data into QuestDB: ('Connection aborted.', RemoteDisconnected('Remote end closed connection without response'))
2025-01-08 01:43:20,858 - INFO - Waiting for 5 minutes before the next update...
2025-01-08 01:48:20,859 - INFO - Starting the data fetching and insertion process...
2025-01-08 01:48:20,860 - INFO - Fetching live cryptocurrency data...
2025-01-08 01:48:21,081 - INFO - Successfully fetched cryptocurrency data.
2025-01-08 01:48:21,082 - INFO - Inserting data into QuestDB...
2025-01-08 01:48:23,118 - ERROR - Error while inserting data into QuestDB: ('Connection aborted.', RemoteDisconnected('Remote end closed connection without response'))
2025-01-08 01:48:23,118 - INFO - Waiting for 5 minutes before the next update...
2025-01-08 01:49:53,693 - INFO - Starting the data fetching and insertion process...
2025-01-08 01:49:53,693 - INFO - Fetching live cryptocurrency data...
2025-01-08 01:49:53,860 - INFO - Successfully fetched cryptocurrency data.
2025-01-08 01:49:53,861 - INFO - Inserting data into QuestDB...
2025-01-08 01:49:55,883 - ERROR - Attempt 1: Failed to insert data - Method not supported

2025-01-08 01:50:02,919 - ERROR - Attempt 2: Failed to insert data - Method not supported

2025-01-08 01:50:09,942 - ERROR - Attempt 3: Failed to insert data - Method not supported

2025-01-08 01:50:14,944 - ERROR - All 3 attempts failed. Data could not be inserted.
2025-01-08 01:50:14,944 - INFO - Waiting for 5 minutes before the next update...
2025-01-08 01:51:40,852 - INFO - Starting the data fetching and insertion process...
2025-01-08 01:51:40,852 - INFO - Fetching live cryptocurrency data...
2025-01-08 01:51:41,233 - INFO - Successfully fetched cryptocurrency data.
2025-01-08 01:51:43,264 - INFO - Waiting for 5 minutes before the next update...
